filelist.txt
Length: 0
/data1/bida/pdb_db/124d.ent
Total 1
Total 2
Total 3
Total 4
Total 5
Total 6
Total 7
Total 8
Total 9
Total 10
/data1/bida/pdb_db/157d.ent
Total 11
/data1/bida/pdb_db/165d.ent
Total 12
Total 13
/data1/bida/pdb_db/176d.ent
Reading Model
Total 14
/data1/bida/pdb_db/17ra.ent
Reading Model
/data1/bida/pdb_db/1a1t.ent
Reading Model
Total 15
Total 16
Total 17
Total 18
Total 19
Total 20
Total 21
Total 22
Total 23
Total 24
Total 25
Total 26
Total 27
Total 28
Total 29
Total 30
Total 31
Total 32
/data1/bida/pdb_db/1a34.ent
Total 33
Total 34
Total 35
Total 36
Total 37
Total 38
Total 39
Total 40
Total 41
Total 42
Total 43
/data1/bida/pdb_db/1a3m.ent
Reading Model
/data1/bida/pdb_db/1a4d.ent
/data1/bida/pdb_db/1a4t.ent
Reading Model
Total 44
/data1/bida/pdb_db/1a51.ent
Reading Model
/data1/bida/pdb_db/1a60.ent
Reading Model
/data1/bida/pdb_db/1a9l.ent
Reading Model
/data1/bida/pdb_db/1a9n.ent
Total 45
Total 46
Total 47
Total 48
Total 49
/data1/bida/pdb_db/1ac3.ent
Reading Model
Total 50
/data1/bida/pdb_db/1afx.ent
Reading Model
/data1/bida/pdb_db/1ajf.ent
/data1/bida/pdb_db/1ajl.ent
/data1/bida/pdb_db/1ajt.ent
/data1/bida/pdb_db/1aju.ent
Reading Model
/data1/bida/pdb_db/1akx.ent
/data1/bida/pdb_db/1al5.ent
Reading Model
/data1/bida/pdb_db/1am0.ent
Reading Model
/data1/bida/pdb_db/1anr.ent
Reading Model
/data1/bida/pdb_db/1apg.ent
Total 51
Total 52
/data1/bida/pdb_db/1aq3.ent
Total 53
Total 54
Total 55
/data1/bida/pdb_db/1aq4.ent
Total 56
/data1/bida/pdb_db/1aqo.ent
Reading Model
/data1/bida/pdb_db/1arj.ent
Reading Model
/data1/bida/pdb_db/1asy.ent
Total 57
Total 58
/data1/bida/pdb_db/1asz.ent
/data1/bida/pdb_db/1ato.ent
Reading Model
/data1/bida/pdb_db/1atv.ent
Reading Model
/data1/bida/pdb_db/1atw.ent
Reading Model
/data1/bida/pdb_db/1aud.ent
Reading Model
Total 59
/data1/bida/pdb_db/1av6.ent
/data1/bida/pdb_db/1b23.ent
Total 60
/data1/bida/pdb_db/1b2m.ent
/data1/bida/pdb_db/1b36.ent
Reading Model
/data1/bida/pdb_db/1b7f.ent
Total 61
/data1/bida/pdb_db/1bau.ent
/data1/bida/pdb_db/1bgz.ent
Reading Model
/data1/bida/pdb_db/1biv.ent
Reading Model
Total 62
/data1/bida/pdb_db/1bj2.ent
Reading Model
/data1/bida/pdb_db/1bmv.ent
Total 63
Total 64
Total 65
Total 66
Total 67
Total 68
Total 69
/data1/bida/pdb_db/1bn0.ent
Reading Model
/data1/bida/pdb_db/1br3.ent
Total 70
/data1/bida/pdb_db/1bvj.ent
Reading Model
/data1/bida/pdb_db/1byj.ent
Reading Model
/data1/bida/pdb_db/1byx.ent
Reading Model
/data1/bida/pdb_db/1bz2.ent
Total 71
/data1/bida/pdb_db/1bz3.ent
/data1/bida/pdb_db/1bzt.ent
/data1/bida/pdb_db/1bzu.ent
/data1/bida/pdb_db/1c04.ent
Total 72
/data1/bida/pdb_db/1c0a.ent
Total 73
/data1/bida/pdb_db/1c0o.ent
Reading Model
/data1/bida/pdb_db/1c2q.ent
Total 74
/data1/bida/pdb_db/1c2w.ent
/data1/bida/pdb_db/1c2x.ent
/data1/bida/pdb_db/1c4l.ent
/data1/bida/pdb_db/1c9s.ent
Total 75
Total 76
Total 77
Total 78
/data1/bida/pdb_db/1cgm.ent
/data1/bida/pdb_db/1cq5.ent
/data1/bida/pdb_db/1cql.ent
Reading Model
/data1/bida/pdb_db/1csl.ent
/data1/bida/pdb_db/1cvj.ent
Total 79
Total 80
Total 81
Total 82
/data1/bida/pdb_db/1cwp.ent
Total 83
/data1/bida/pdb_db/1cx0.ent
Total 84
/data1/bida/pdb_db/1cx5.ent
Total 85
/data1/bida/pdb_db/1d0t.ent
Reading Model
/data1/bida/pdb_db/1d0u.ent
Reading Model
/data1/bida/pdb_db/1d4r.ent
Total 86
/data1/bida/pdb_db/1d6k.ent
Reading Model
Total 87
/data1/bida/pdb_db/1ddl.ent
Total 88
Total 89
Total 90
Total 91
Total 92
Total 93
Total 94
Total 95
/data1/bida/pdb_db/1ddy.ent
/data1/bida/pdb_db/1dfu.ent
/data1/bida/pdb_db/1di2.ent
Total 96
/data1/bida/pdb_db/1dk1.ent
Total 97
Total 98
/data1/bida/pdb_db/1dqf.ent
/data1/bida/pdb_db/1dqh.ent
/data1/bida/pdb_db/1drr.ent
Reading Model
/data1/bida/pdb_db/1drz.ent
Total 99
/data1/bida/pdb_db/1duh.ent
/data1/bida/pdb_db/1dul.ent
Total 100
/data1/bida/pdb_db/1duq.ent
/data1/bida/pdb_db/1dv4.ent
Total 101
Total 102
Total 103
Total 104
Total 105
Total 106
Total 107
Total 108
Total 109
Total 110
Total 111
Total 112
Total 113
Total 114
Total 115
Total 116
Total 117
Total 118
Total 119
Total 120
Total 121
Total 122
Total 123
Total 124
Total 125
Total 126
/data1/bida/pdb_db/1dz5.ent
Reading Model
/data1/bida/pdb_db/1e4p.ent
Reading Model
Total 127
/data1/bida/pdb_db/1e7k.ent
/data1/bida/pdb_db/1e8o.ent
Total 128
/data1/bida/pdb_db/1e8s.ent
Total 129
Total 130
Total 131
Total 132
/data1/bida/pdb_db/1e95.ent
Reading Model
/data1/bida/pdb_db/1ebq.ent
Reading Model
/data1/bida/pdb_db/1ebr.ent
Reading Model
/data1/bida/pdb_db/1ebs.ent
Reading Model
/data1/bida/pdb_db/1ec6.ent
Total 133
/data1/bida/pdb_db/1efo.ent
/data1/bida/pdb_db/1efs.ent
Reading Model
Total 134
/data1/bida/pdb_db/1efw.ent
/data1/bida/pdb_db/1eg0.ent
Total 135
Total 136
/data1/bida/pdb_db/1egk.ent
Total 137
Total 138
/data1/bida/pdb_db/1eht.ent
Reading Model
/data1/bida/pdb_db/1ehz.ent
/data1/bida/pdb_db/1ei2.ent
Reading Model
/data1/bida/pdb_db/1eiy.ent
Total 139
/data1/bida/pdb_db/1ejz.ent
/data1/bida/pdb_db/1eka.ent
/data1/bida/pdb_db/1ekd.ent
/data1/bida/pdb_db/1ekz.ent
Reading Model
/data1/bida/pdb_db/1elh.ent
Reading Model
/data1/bida/pdb_db/1emi.ent
/data1/bida/pdb_db/1eqq.ent
/data1/bida/pdb_db/1esh.ent
/data1/bida/pdb_db/1esy.ent
Reading Model
/data1/bida/pdb_db/1et4.ent
/data1/bida/pdb_db/1etf.ent
/data1/bida/pdb_db/1etg.ent
Reading Model
/data1/bida/pdb_db/1euq.ent
/data1/bida/pdb_db/1euy.ent
Total 140
/data1/bida/pdb_db/1evv.ent
/data1/bida/pdb_db/1exd.ent
/data1/bida/pdb_db/1exy.ent
Reading Model
/data1/bida/pdb_db/1f1t.ent
/data1/bida/pdb_db/1f27.ent
/data1/bida/pdb_db/1f5g.ent
Reading Model
/data1/bida/pdb_db/1f5h.ent
Reading Model
/data1/bida/pdb_db/1f5u.ent
/data1/bida/pdb_db/1f6u.ent
Reading Model
/data1/bida/pdb_db/1f6x.ent
/data1/bida/pdb_db/1f6z.ent
/data1/bida/pdb_db/1f78.ent
/data1/bida/pdb_db/1f79.ent
/data1/bida/pdb_db/1f7f.ent
Reading Model
/data1/bida/pdb_db/1f7g.ent
Reading Model
/data1/bida/pdb_db/1f7h.ent
Reading Model
/data1/bida/pdb_db/1f7i.ent
Reading Model
/data1/bida/pdb_db/1f7u.ent
Total 141
Total 142
/data1/bida/pdb_db/1f7v.ent
/data1/bida/pdb_db/1f7y.ent
/data1/bida/pdb_db/1f84.ent
Reading Model
/data1/bida/pdb_db/1f85.ent
Reading Model
/data1/bida/pdb_db/1f8v.ent
Total 143
/data1/bida/pdb_db/1f9l.ent
/data1/bida/pdb_db/1fcw.ent
/data1/bida/pdb_db/1feq.ent
Reading Model
/data1/bida/pdb_db/1feu.ent
/data1/bida/pdb_db/1ffk.ent
/data1/bida/pdb_db/1ffy.ent
Total 144
/data1/bida/pdb_db/1ffz.ent
/data1/bida/pdb_db/1fg0.ent
/data1/bida/pdb_db/1fhk.ent
Reading Model
/data1/bida/pdb_db/1fir.ent
/data1/bida/pdb_db/1fix.ent
/data1/bida/pdb_db/1fje.ent
Reading Model
/data1/bida/pdb_db/1fjg.ent
Total 145
Total 146
Total 147
Total 148
Total 149
Total 150
/data1/bida/pdb_db/1fka.ent
Total 151
Total 152
Total 153
Total 154
Total 155
Total 156
Total 157
Total 158
Total 159
Total 160
Total 161
Total 162
Total 163
Total 164
Total 165
/data1/bida/pdb_db/1fl8.ent
Reading Model
/data1/bida/pdb_db/1fmn.ent
Reading Model
/data1/bida/pdb_db/1fnx.ent
Reading Model
Total 166
/data1/bida/pdb_db/1foq.ent
/data1/bida/pdb_db/1fqz.ent
/data1/bida/pdb_db/1fuf.ent
/data1/bida/pdb_db/1fxl.ent
Total 167
/data1/bida/pdb_db/1fyo.ent
Reading Model
/data1/bida/pdb_db/1fyp.ent
Reading Model
/data1/bida/pdb_db/1g1x.ent
/data1/bida/pdb_db/1g2e.ent
/data1/bida/pdb_db/1g2j.ent
/data1/bida/pdb_db/1g3a.ent
/data1/bida/pdb_db/1g4q.ent
/data1/bida/pdb_db/1g59.ent
/data1/bida/pdb_db/1g70.ent
Reading Model
/data1/bida/pdb_db/1gax.ent
/data1/bida/pdb_db/1gid.ent
/data1/bida/pdb_db/1gix.ent
Total 168
Total 169
Total 170
Total 171
Total 172
/data1/bida/pdb_db/1giy.ent
Total 173
Total 174
Total 175
Total 176
Total 177
Total 178
/data1/bida/pdb_db/1grz.ent
/data1/bida/pdb_db/1gsg.ent
/data1/bida/pdb_db/1gtf.ent
/data1/bida/pdb_db/1gtn.ent
/data1/bida/pdb_db/1gtr.ent
/data1/bida/pdb_db/1gts.ent
/data1/bida/pdb_db/1guc.ent
Reading Model
/data1/bida/pdb_db/1h0q.ent
Reading Model
/data1/bida/pdb_db/1h1k.ent
/data1/bida/pdb_db/1h2c.ent
Total 179
Total 180
/data1/bida/pdb_db/1h2d.ent
/data1/bida/pdb_db/1h38.ent
Total 181
/data1/bida/pdb_db/1h3e.ent
Total 182
Total 183
Total 184
Total 185
/data1/bida/pdb_db/1h4q.ent
Total 186
Total 187
/data1/bida/pdb_db/1h4s.ent
/data1/bida/pdb_db/1hc8.ent
Total 188
/data1/bida/pdb_db/1hg9.ent
Reading Model
/data1/bida/pdb_db/1hhw.ent
Reading Model
/data1/bida/pdb_db/1hhx.ent
Reading Model
/data1/bida/pdb_db/1hji.ent
Reading Model
/data1/bida/pdb_db/1hlx.ent
Reading Model
/data1/bida/pdb_db/1hmh.ent
Total 189
/data1/bida/pdb_db/1hnw.ent
/data1/bida/pdb_db/1hnx.ent
/data1/bida/pdb_db/1hnz.ent
/data1/bida/pdb_db/1hq1.ent
/data1/bida/pdb_db/1hr0.ent
/data1/bida/pdb_db/1hr2.ent
/data1/bida/pdb_db/1hs1.ent
/data1/bida/pdb_db/1hs2.ent
/data1/bida/pdb_db/1hs3.ent
/data1/bida/pdb_db/1hs4.ent
/data1/bida/pdb_db/1hs8.ent
/data1/bida/pdb_db/1hvu.ent
/data1/bida/pdb_db/1hwq.ent
Reading Model
/data1/bida/pdb_db/1hys.ent
Total 190
/data1/bida/pdb_db/1i3x.ent
Reading Model
/data1/bida/pdb_db/1i3y.ent
Reading Model
/data1/bida/pdb_db/1i46.ent
/data1/bida/pdb_db/1i4b.ent
/data1/bida/pdb_db/1i4c.ent
/data1/bida/pdb_db/1i5l.ent
/data1/bida/pdb_db/1i6h.ent
Total 191
/data1/bida/pdb_db/1i6u.ent
/data1/bida/pdb_db/1i7j.ent
/data1/bida/pdb_db/1i94.ent
Total 192
Total 193
/data1/bida/pdb_db/1i95.ent
/data1/bida/pdb_db/1i96.ent
/data1/bida/pdb_db/1i97.ent
/data1/bida/pdb_db/1i9f.ent
Reading Model
/data1/bida/pdb_db/1i9k.ent
/data1/bida/pdb_db/1i9v.ent
/data1/bida/pdb_db/1i9x.ent
/data1/bida/pdb_db/1ibk.ent
Total 194
/data1/bida/pdb_db/1ibl.ent
/data1/bida/pdb_db/1ibm.ent
/data1/bida/pdb_db/1idv.ent
Reading Model
/data1/bida/pdb_db/1ie1.ent
Reading Model
/data1/bida/pdb_db/1ie2.ent
Reading Model
/data1/bida/pdb_db/1ik1.ent
/data1/bida/pdb_db/1ik5.ent
/data1/bida/pdb_db/1ikd.ent
Reading Model
/data1/bida/pdb_db/1il2.ent
/data1/bida/pdb_db/1ivs.ent
/data1/bida/pdb_db/1j1u.ent
/data1/bida/pdb_db/1j2b.ent
/data1/bida/pdb_db/1j4y.ent
/data1/bida/pdb_db/1j5a.ent
/data1/bida/pdb_db/1j5e.ent
/data1/bida/pdb_db/1j6s.ent
/data1/bida/pdb_db/1j7t.ent
/data1/bida/pdb_db/1j8g.ent
/data1/bida/pdb_db/1j9h.ent
/data1/bida/pdb_db/1jb8.ent
/data1/bida/pdb_db/1jbr.ent
Total 195
/data1/bida/pdb_db/1jbs.ent
/data1/bida/pdb_db/1jbt.ent
/data1/bida/pdb_db/1jgo.ent
/data1/bida/pdb_db/1jgp.ent
/data1/bida/pdb_db/1jgq.ent
/data1/bida/pdb_db/1jid.ent
/data1/bida/pdb_db/1jj2.ent
/data1/bida/pdb_db/1jo7.ent
Reading Model
/data1/bida/pdb_db/1jox.ent
Reading Model
/data1/bida/pdb_db/1jp0.ent
Reading Model
/data1/bida/pdb_db/1jtj.ent
Reading Model
/data1/bida/pdb_db/1jtw.ent
Reading Model
/data1/bida/pdb_db/1ju1.ent
Reading Model
/data1/bida/pdb_db/1ju7.ent
Reading Model
/data1/bida/pdb_db/1jur.ent
Reading Model
/data1/bida/pdb_db/1jwc.ent
/data1/bida/pdb_db/1jzc.ent
/data1/bida/pdb_db/1jzv.ent
/data1/bida/pdb_db/1jzx.ent
/data1/bida/pdb_db/1jzy.ent
/data1/bida/pdb_db/1jzz.ent
/data1/bida/pdb_db/1k01.ent
/data1/bida/pdb_db/1k1g.ent
Reading Model
/data1/bida/pdb_db/1k2g.ent
/data1/bida/pdb_db/1k4a.ent
Reading Model
/data1/bida/pdb_db/1k4b.ent
Reading Model
/data1/bida/pdb_db/1k5i.ent
Reading Model
/data1/bida/pdb_db/1k6g.ent
Reading Model
/data1/bida/pdb_db/1k6h.ent
Reading Model
/data1/bida/pdb_db/1k73.ent
/data1/bida/pdb_db/1k8a.ent
/data1/bida/pdb_db/1k8s.ent
/data1/bida/pdb_db/1k8w.ent
Total 196
Total 197
Total 198
Total 199
Total 200
/data1/bida/pdb_db/1k9m.ent
/data1/bida/pdb_db/1k9w.ent
/data1/bida/pdb_db/1kaj.ent
/data1/bida/pdb_db/1kc8.ent
/data1/bida/pdb_db/1kd1.ent
/data1/bida/pdb_db/1kd3.ent
/data1/bida/pdb_db/1kd4.ent
/data1/bida/pdb_db/1kd5.ent
/data1/bida/pdb_db/1kfo.ent
/data1/bida/pdb_db/1kh6.ent
/data1/bida/pdb_db/1kis.ent
/data1/bida/pdb_db/1kka.ent
Reading Model
/data1/bida/pdb_db/1kks.ent
Reading Model
/data1/bida/pdb_db/1knz.ent
/data1/bida/pdb_db/1koc.ent
/data1/bida/pdb_db/1kod.ent
/data1/bida/pdb_db/1kog.ent
/data1/bida/pdb_db/1kos.ent
Reading Model
/data1/bida/pdb_db/1kp7.ent
/data1/bida/pdb_db/1kpd.ent
/data1/bida/pdb_db/1kpy.ent
Reading Model
/data1/bida/pdb_db/1kpz.ent
/data1/bida/pdb_db/1kq2.ent
/data1/bida/pdb_db/1kqs.ent
/data1/bida/pdb_db/1kuq.ent
/data1/bida/pdb_db/1kxk.ent
/data1/bida/pdb_db/1l1c.ent
/data1/bida/pdb_db/1l1w.ent
/data1/bida/pdb_db/1l2x.ent
/data1/bida/pdb_db/1l3d.ent
/data1/bida/pdb_db/1l3z.ent
/data1/bida/pdb_db/1l8v.ent
/data1/bida/pdb_db/1l9a.ent
/data1/bida/pdb_db/1laj.ent
/data1/bida/pdb_db/1lc4.ent
/data1/bida/pdb_db/1lc6.ent
Reading Model
/data1/bida/pdb_db/1ldz.ent
Reading Model
/data1/bida/pdb_db/1lmv.ent
Reading Model
/data1/bida/pdb_db/1lng.ent
/data1/bida/pdb_db/1lnt.ent
/data1/bida/pdb_db/1lpw.ent
Reading Model
/data1/bida/pdb_db/1ls2.ent
/data1/bida/pdb_db/1lu3.ent
/data1/bida/pdb_db/1luu.ent
Reading Model
/data1/bida/pdb_db/1lux.ent
Reading Model
/data1/bida/pdb_db/1lvj.ent
Reading Model
/data1/bida/pdb_db/1m1k.ent
/data1/bida/pdb_db/1m5k.ent
/data1/bida/pdb_db/1m5l.ent
Reading Model
/data1/bida/pdb_db/1m5o.ent
/data1/bida/pdb_db/1m5p.ent
/data1/bida/pdb_db/1m5v.ent
/data1/bida/pdb_db/1m82.ent
Reading Model
/data1/bida/pdb_db/1m8v.ent
/data1/bida/pdb_db/1m8w.ent
/data1/bida/pdb_db/1m8x.ent
/data1/bida/pdb_db/1m8y.ent
/data1/bida/pdb_db/1m90.ent
/data1/bida/pdb_db/1mdg.ent
/data1/bida/pdb_db/1me1.ent
Reading Model
/data1/bida/pdb_db/1mfj.ent
Reading Model
/data1/bida/pdb_db/1mfk.ent
Reading Model
/data1/bida/pdb_db/1mfq.ent
/data1/bida/pdb_db/1mfy.ent
Reading Model
/data1/bida/pdb_db/1mhk.ent
/data1/bida/pdb_db/1mis.ent
/data1/bida/pdb_db/1mj1.ent
/data1/bida/pdb_db/1mji.ent
/data1/bida/pdb_db/1ml5.ent
/data1/bida/pdb_db/1mme.ent
/data1/bida/pdb_db/1mms.ent
/data1/bida/pdb_db/1mnb.ent
/data1/bida/pdb_db/1mnx.ent
Reading Model
/data1/bida/pdb_db/1msw.ent
/data1/bida/pdb_db/1msy.ent
/data1/bida/pdb_db/1mt4.ent
Reading Model
/data1/bida/pdb_db/1muv.ent
/data1/bida/pdb_db/1mv1.ent
/data1/bida/pdb_db/1mv2.ent
/data1/bida/pdb_db/1mv6.ent
Reading Model
/data1/bida/pdb_db/1mvr.ent
/data1/bida/pdb_db/1mwg.ent
/data1/bida/pdb_db/1mwl.ent
/data1/bida/pdb_db/1my9.ent
/data1/bida/pdb_db/1mzp.ent
/data1/bida/pdb_db/1n1h.ent
/data1/bida/pdb_db/1n32.ent
/data1/bida/pdb_db/1n33.ent
/data1/bida/pdb_db/1n34.ent
/data1/bida/pdb_db/1n35.ent
/data1/bida/pdb_db/1n36.ent
/data1/bida/pdb_db/1n38.ent
/data1/bida/pdb_db/1n53.ent
/data1/bida/pdb_db/1n66.ent
Reading Model
/data1/bida/pdb_db/1n77.ent
/data1/bida/pdb_db/1n78.ent
/data1/bida/pdb_db/1n8r.ent
/data1/bida/pdb_db/1n8x.ent
Reading Model
/data1/bida/pdb_db/1na2.ent
Reading Model
/data1/bida/pdb_db/1nao.ent
/data1/bida/pdb_db/1nb7.ent
/data1/bida/pdb_db/1nbk.ent
/data1/bida/pdb_db/1nbr.ent
Reading Model
/data1/bida/pdb_db/1nbs.ent
/data1/bida/pdb_db/1nc0.ent
Reading Model
/data1/bida/pdb_db/1nem.ent
Reading Model
/data1/bida/pdb_db/1nji.ent
/data1/bida/pdb_db/1njm.ent
/data1/bida/pdb_db/1njn.ent
/data1/bida/pdb_db/1njo.ent
/data1/bida/pdb_db/1njp.ent
/data1/bida/pdb_db/1nkw.ent
/data1/bida/pdb_db/1nlc.ent
/data1/bida/pdb_db/1nta.ent
/data1/bida/pdb_db/1ntb.ent
/data1/bida/pdb_db/1ntq.ent
/data1/bida/pdb_db/1nts.ent
/data1/bida/pdb_db/1ntt.ent
/data1/bida/pdb_db/1nuj.ent
/data1/bida/pdb_db/1nuv.ent
/data1/bida/pdb_db/1nwx.ent
/data1/bida/pdb_db/1nwy.ent
/data1/bida/pdb_db/1nxr.ent
Reading Model
/data1/bida/pdb_db/1nyb.ent
Reading Model
/data1/bida/pdb_db/1nyi.ent
/data1/bida/pdb_db/1nz1.ent
Reading Model
/data1/bida/pdb_db/1o0b.ent
/data1/bida/pdb_db/1o0c.ent
/data1/bida/pdb_db/1o15.ent
/data1/bida/pdb_db/1o3z.ent
/data1/bida/pdb_db/1o9m.ent
/data1/bida/pdb_db/1ob2.ent
/data1/bida/pdb_db/1ob5.ent
/data1/bida/pdb_db/1okf.ent
Reading Model
/data1/bida/pdb_db/1oln.ent
/data1/bida/pdb_db/1ond.ent
/data1/bida/pdb_db/1oo7.ent
Reading Model
/data1/bida/pdb_db/1ooa.ent
/data1/bida/pdb_db/1oq0.ent
Reading Model
/data1/bida/pdb_db/1osu.ent
/data1/bida/pdb_db/1osw.ent
Reading Model
/data1/bida/pdb_db/1ow9.ent
Reading Model
/data1/bida/pdb_db/1p5m.ent
Reading Model
/data1/bida/pdb_db/1p5n.ent
Reading Model
/data1/bida/pdb_db/1p5o.ent
Reading Model
/data1/bida/pdb_db/1p5p.ent
/data1/bida/pdb_db/1p6g.ent
/data1/bida/pdb_db/1p6v.ent
/data1/bida/pdb_db/1p79.ent
/data1/bida/pdb_db/1p85.ent
/data1/bida/pdb_db/1p86.ent
/data1/bida/pdb_db/1p87.ent
/data1/bida/pdb_db/1p9x.ent
/data1/bida/pdb_db/1pbl.ent
/data1/bida/pdb_db/1pbm.ent
/data1/bida/pdb_db/1pbr.ent
/data1/bida/pdb_db/1pgl.ent
/data1/bida/pdb_db/1pjg.ent
/data1/bida/pdb_db/1pjo.ent
/data1/bida/pdb_db/1pjy.ent
Reading Model
/data1/bida/pdb_db/1pn7.ent
/data1/bida/pdb_db/1pn8.ent
/data1/bida/pdb_db/1pns.ent
/data1/bida/pdb_db/1pnu.ent
/data1/bida/pdb_db/1pnx.ent
/data1/bida/pdb_db/1pny.ent
/data1/bida/pdb_db/1pvo.ent
/data1/bida/pdb_db/1q29.ent
/data1/bida/pdb_db/1q2r.ent
/data1/bida/pdb_db/1q2s.ent
/data1/bida/pdb_db/1q75.ent
Reading Model
/data1/bida/pdb_db/1q7y.ent
/data1/bida/pdb_db/1q81.ent
/data1/bida/pdb_db/1q82.ent
/data1/bida/pdb_db/1q86.ent
/data1/bida/pdb_db/1q8n.ent
Reading Model
/data1/bida/pdb_db/1q93.ent
/data1/bida/pdb_db/1q96.ent
/data1/bida/pdb_db/1q9a.ent
/data1/bida/pdb_db/1qa6.ent
/data1/bida/pdb_db/1qbp.ent
/data1/bida/pdb_db/1qc0.ent
/data1/bida/pdb_db/1qc8.ent
Reading Model
/data1/bida/pdb_db/1qcu.ent
/data1/bida/pdb_db/1qd3.ent
Reading Model
/data1/bida/pdb_db/1qd7.ent
/data1/bida/pdb_db/1qes.ent
Reading Model
/data1/bida/pdb_db/1qet.ent
Reading Model
/data1/bida/pdb_db/1qf6.ent
/data1/bida/pdb_db/1qfq.ent
Reading Model
/data1/bida/pdb_db/1qln.ent
/data1/bida/pdb_db/1qrs.ent
/data1/bida/pdb_db/1qrt.ent
/data1/bida/pdb_db/1qru.ent
/data1/bida/pdb_db/1qtq.ent
/data1/bida/pdb_db/1qu2.ent
/data1/bida/pdb_db/1qu3.ent
/data1/bida/pdb_db/1qvf.ent
/data1/bida/pdb_db/1qvg.ent
/data1/bida/pdb_db/1qwa.ent
Reading Model
/data1/bida/pdb_db/1qwb.ent
Reading Model
/data1/bida/pdb_db/1qza.ent
/data1/bida/pdb_db/1qzb.ent
/data1/bida/pdb_db/1qzc.ent
/data1/bida/pdb_db/1qzw.ent
/data1/bida/pdb_db/1r2p.ent
Reading Model
/data1/bida/pdb_db/1r2w.ent
/data1/bida/pdb_db/1r2x.ent
/data1/bida/pdb_db/1r3e.ent
/data1/bida/pdb_db/1r3o.ent
/data1/bida/pdb_db/1r3x.ent
Reading Model
/data1/bida/pdb_db/1r4h.ent
/data1/bida/pdb_db/1r7w.ent
Reading Model
/data1/bida/pdb_db/1r7z.ent
Reading Model
/data1/bida/pdb_db/1r9f.ent
/data1/bida/pdb_db/1r9s.ent
/data1/bida/pdb_db/1r9t.ent
/data1/bida/pdb_db/1rau.ent
/data1/bida/pdb_db/1raw.ent
Reading Model
/data1/bida/pdb_db/1rc7.ent
/data1/bida/pdb_db/1rfr.ent
Reading Model
/data1/bida/pdb_db/1rgo.ent
Reading Model
/data1/bida/pdb_db/1rht.ent
/data1/bida/pdb_db/1rkj.ent
Reading Model
/data1/bida/pdb_db/1rlg.ent
/data1/bida/pdb_db/1rmn.ent
/data1/bida/pdb_db/1rmv.ent
/data1/bida/pdb_db/1rna.ent
/data1/bida/pdb_db/1rng.ent
Reading Model
/data1/bida/pdb_db/1rnk.ent
/data1/bida/pdb_db/1roq.ent
Reading Model
/data1/bida/pdb_db/1rpu.ent
/data1/bida/pdb_db/1rrd.ent
Reading Model
/data1/bida/pdb_db/1rrr.ent
Reading Model
/data1/bida/pdb_db/1rxa.ent
/data1/bida/pdb_db/1rxb.ent
/data1/bida/pdb_db/1ry1.ent
/data1/bida/pdb_db/1s03.ent
/data1/bida/pdb_db/1s0v.ent
/data1/bida/pdb_db/1s1h.ent
/data1/bida/pdb_db/1s1i.ent
/data1/bida/pdb_db/1s2f.ent
/data1/bida/pdb_db/1s34.ent
Reading Model
/data1/bida/pdb_db/1s72.ent
/data1/bida/pdb_db/1s76.ent
/data1/bida/pdb_db/1s77.ent
/data1/bida/pdb_db/1s9l.ent
Reading Model
/data1/bida/pdb_db/1s9s.ent
Reading Model
/data1/bida/pdb_db/1sa9.ent
/data1/bida/pdb_db/1saq.ent
/data1/bida/pdb_db/1scl.ent
Reading Model
/data1/bida/pdb_db/1sdr.ent
/data1/bida/pdb_db/1sds.ent
/data1/bida/pdb_db/1ser.ent
/data1/bida/pdb_db/1sfo.ent
/data1/bida/pdb_db/1si3.ent
/data1/bida/pdb_db/1sj3.ent
/data1/bida/pdb_db/1sj4.ent
/data1/bida/pdb_db/1sjf.ent
/data1/bida/pdb_db/1slo.ent
/data1/bida/pdb_db/1slp.ent
Reading Model
/data1/bida/pdb_db/1sm1.ent
/data1/bida/pdb_db/1sy4.ent
Reading Model
/data1/bida/pdb_db/1syz.ent
Reading Model
/data1/bida/pdb_db/1sz1.ent
/data1/bida/pdb_db/1szy.ent
/data1/bida/pdb_db/1t0d.ent
/data1/bida/pdb_db/1t0e.ent
/data1/bida/pdb_db/1t0k.ent
/data1/bida/pdb_db/1t1m.ent
/data1/bida/pdb_db/1t1o.ent
/data1/bida/pdb_db/1t28.ent
/data1/bida/pdb_db/1t2r.ent
Reading Model
/data1/bida/pdb_db/1t4l.ent
Reading Model
/data1/bida/pdb_db/1t4x.ent
Reading Model
/data1/bida/pdb_db/1tbk.ent
Reading Model
/data1/bida/pdb_db/1tfn.ent
/data1/bida/pdb_db/1tfw.ent
/data1/bida/pdb_db/1tfy.ent
/data1/bida/pdb_db/1tjz.ent
Reading Model
/data1/bida/pdb_db/1tlr.ent
Reading Model
/data1/bida/pdb_db/1tn2.ent
/data1/bida/pdb_db/1tob.ent
Reading Model
/data1/bida/pdb_db/1tra.ent
/data1/bida/pdb_db/1trj.ent
/data1/bida/pdb_db/1ttt.ent
/data1/bida/pdb_db/1tut.ent
/data1/bida/pdb_db/1txs.ent
Reading Model
/data1/bida/pdb_db/1u0b.ent
/data1/bida/pdb_db/1u1y.ent
/data1/bida/pdb_db/1u2a.ent
/data1/bida/pdb_db/1u3k.ent
Reading Model
/data1/bida/pdb_db/1u63.ent
/data1/bida/pdb_db/1u6b.ent
/data1/bida/pdb_db/1u6p.ent
Reading Model
/data1/bida/pdb_db/1u8d.ent
/data1/bida/pdb_db/1u9s.ent
/data1/bida/pdb_db/1ull.ent
Reading Model
/data1/bida/pdb_db/1un6.ent
/data1/bida/pdb_db/1uon.ent
/data1/bida/pdb_db/1urn.ent
/data1/bida/pdb_db/1utd.ent
/data1/bida/pdb_db/1utf.ent
/data1/bida/pdb_db/1uts.ent
Reading Model
/data1/bida/pdb_db/1utv.ent
/data1/bida/pdb_db/1uud.ent
/data1/bida/pdb_db/1uui.ent
/data1/bida/pdb_db/1uuu.ent
Reading Model
/data1/bida/pdb_db/1uvi.ent
/data1/bida/pdb_db/1uvj.ent
/data1/bida/pdb_db/1uvk.ent
/data1/bida/pdb_db/1uvl.ent
/data1/bida/pdb_db/1uvm.ent
/data1/bida/pdb_db/1uvn.ent
/data1/bida/pdb_db/1vbx.ent
/data1/bida/pdb_db/1vby.ent
/data1/bida/pdb_db/1vbz.ent
/data1/bida/pdb_db/1vc0.ent
/data1/bida/pdb_db/1vc5.ent
/data1/bida/pdb_db/1vc6.ent
/data1/bida/pdb_db/1vc7.ent
/data1/bida/pdb_db/1vfg.ent
/data1/bida/pdb_db/1vop.ent
Reading Model
/data1/bida/pdb_db/1voq.ent
/data1/bida/pdb_db/1vor.ent
/data1/bida/pdb_db/1vos.ent
/data1/bida/pdb_db/1vou.ent
/data1/bida/pdb_db/1vov.ent
/data1/bida/pdb_db/1vow.ent
/data1/bida/pdb_db/1vox.ent
/data1/bida/pdb_db/1voy.ent
/data1/bida/pdb_db/1voz.ent
/data1/bida/pdb_db/1vp0.ent
/data1/bida/pdb_db/1vq4.ent
/data1/bida/pdb_db/1vq5.ent
/data1/bida/pdb_db/1vq6.ent
/data1/bida/pdb_db/1vq7.ent
/data1/bida/pdb_db/1vq8.ent
/data1/bida/pdb_db/1vq9.ent
/data1/bida/pdb_db/1vqk.ent
/data1/bida/pdb_db/1vql.ent
/data1/bida/pdb_db/1vqm.ent
/data1/bida/pdb_db/1vqn.ent
/data1/bida/pdb_db/1vqo.ent
/data1/bida/pdb_db/1vqp.ent
/data1/bida/pdb_db/1vs5.ent
/data1/bida/pdb_db/1vs6.ent
/data1/bida/pdb_db/1vs7.ent
/data1/bida/pdb_db/1vs8.ent
/data1/bida/pdb_db/1vsa.ent
/data1/bida/pdb_db/1vsp.ent
/data1/bida/pdb_db/1vtm.ent
/data1/bida/pdb_db/1w2b.ent
/data1/bida/pdb_db/1wks.ent
Reading Model
/data1/bida/pdb_db/1wmq.ent
/data1/bida/pdb_db/1wne.ent
/data1/bida/pdb_db/1wpu.ent
/data1/bida/pdb_db/1wrq.ent
/data1/bida/pdb_db/1wsu.ent
/data1/bida/pdb_db/1wts.ent
/data1/bida/pdb_db/1wtt.ent
Reading Model
/data1/bida/pdb_db/1wvd.ent
/data1/bida/pdb_db/1wwd.ent
Reading Model
/data1/bida/pdb_db/1wwe.ent
Reading Model
/data1/bida/pdb_db/1wwf.ent
Reading Model
/data1/bida/pdb_db/1wwg.ent
Reading Model
/data1/bida/pdb_db/1wz2.ent
/data1/bida/pdb_db/1x18.ent
/data1/bida/pdb_db/1x1l.ent
/data1/bida/pdb_db/1x8w.ent
/data1/bida/pdb_db/1x9c.ent
/data1/bida/pdb_db/1x9k.ent
/data1/bida/pdb_db/1xbp.ent
/data1/bida/pdb_db/1xhp.ent
Reading Model
/data1/bida/pdb_db/1xjr.ent
/data1/bida/pdb_db/1xmo.ent
/data1/bida/pdb_db/1xmq.ent
/data1/bida/pdb_db/1xnq.ent
/data1/bida/pdb_db/1xnr.ent
/data1/bida/pdb_db/1xok.ent
/data1/bida/pdb_db/1xp7.ent
/data1/bida/pdb_db/1xpe.ent
/data1/bida/pdb_db/1xpf.ent
/data1/bida/pdb_db/1xpo.ent
/data1/bida/pdb_db/1xpr.ent
/data1/bida/pdb_db/1xpu.ent
/data1/bida/pdb_db/1xsg.ent
/data1/bida/pdb_db/1xsh.ent
/data1/bida/pdb_db/1xst.ent
/data1/bida/pdb_db/1xsu.ent
/data1/bida/pdb_db/1xv0.ent
Reading Model
/data1/bida/pdb_db/1xv6.ent
Reading Model
/data1/bida/pdb_db/1xwp.ent
/data1/bida/pdb_db/1xwu.ent
/data1/bida/pdb_db/1y0q.ent
/data1/bida/pdb_db/1y1w.ent
/data1/bida/pdb_db/1y1y.ent
/data1/bida/pdb_db/1y26.ent
/data1/bida/pdb_db/1y27.ent
/data1/bida/pdb_db/1y39.ent
/data1/bida/pdb_db/1y3o.ent
/data1/bida/pdb_db/1y3s.ent
/data1/bida/pdb_db/1y69.ent
/data1/bida/pdb_db/1y6s.ent
/data1/bida/pdb_db/1y6t.ent
/data1/bida/pdb_db/1y73.ent
/data1/bida/pdb_db/1y77.ent
/data1/bida/pdb_db/1y90.ent
/data1/bida/pdb_db/1y95.ent
/data1/bida/pdb_db/1y99.ent
/data1/bida/pdb_db/1yfg.ent
/data1/bida/pdb_db/1yfv.ent
/data1/bida/pdb_db/1yg3.ent
Reading Model
/data1/bida/pdb_db/1yg4.ent
/data1/bida/pdb_db/1yhq.ent
/data1/bida/pdb_db/1yi2.ent
/data1/bida/pdb_db/1yij.ent
/data1/bida/pdb_db/1yit.ent
/data1/bida/pdb_db/1yj9.ent
/data1/bida/pdb_db/1yjn.ent
/data1/bida/pdb_db/1yjw.ent
/data1/bida/pdb_db/1ykq.ent
/data1/bida/pdb_db/1ykv.ent
/data1/bida/pdb_db/1yl3.ent
/data1/bida/pdb_db/1yl4.ent
/data1/bida/pdb_db/1ylg.ent
Reading Model
/data1/bida/pdb_db/1yls.ent
/data1/bida/pdb_db/1ymo.ent
Reading Model
/data1/bida/pdb_db/1yn1.ent
Reading Model
/data1/bida/pdb_db/1yn2.ent
Reading Model
/data1/bida/pdb_db/1ync.ent
Reading Model
/data1/bida/pdb_db/1yne.ent
Reading Model
/data1/bida/pdb_db/1yng.ent
Reading Model
/data1/bida/pdb_db/1yrj.ent
/data1/bida/pdb_db/1ysh.ent
/data1/bida/pdb_db/1ysv.ent
Reading Model
/data1/bida/pdb_db/1ytu.ent
/data1/bida/pdb_db/1yty.ent
/data1/bida/pdb_db/1yvp.ent
/data1/bida/pdb_db/1yxp.ent
/data1/bida/pdb_db/1yy0.ent
/data1/bida/pdb_db/1yyk.ent
/data1/bida/pdb_db/1yyo.ent
/data1/bida/pdb_db/1yyw.ent
/data1/bida/pdb_db/1yz9.ent
/data1/bida/pdb_db/1yzd.ent
/data1/bida/pdb_db/1z2j.ent
Reading Model
/data1/bida/pdb_db/1z30.ent
Reading Model
/data1/bida/pdb_db/1z31.ent
Reading Model
/data1/bida/pdb_db/1z43.ent
/data1/bida/pdb_db/1z58.ent
/data1/bida/pdb_db/1z79.ent
/data1/bida/pdb_db/1z7f.ent
/data1/bida/pdb_db/1zbh.ent
/data1/bida/pdb_db/1zbi.ent
/data1/bida/pdb_db/1zbl.ent
Reading Model
/data1/bida/pdb_db/1zbn.ent
Reading Model
/data1/bida/pdb_db/1zc5.ent
Reading Model
/data1/bida/pdb_db/1zc8.ent
/data1/bida/pdb_db/1zci.ent
/data1/bida/pdb_db/1zdh.ent
/data1/bida/pdb_db/1zdi.ent
/data1/bida/pdb_db/1zdj.ent
/data1/bida/pdb_db/1zdk.ent
/data1/bida/pdb_db/1ze2.ent
/data1/bida/pdb_db/1zev.ent
Reading Model
/data1/bida/pdb_db/1zft.ent
/data1/bida/pdb_db/1zfv.ent
/data1/bida/pdb_db/1zfx.ent
/data1/bida/pdb_db/1zh5.ent
/data1/bida/pdb_db/1zho.ent
/data1/bida/pdb_db/1zif.ent
Reading Model
/data1/bida/pdb_db/1zig.ent
Reading Model
/data1/bida/pdb_db/1zih.ent
Reading Model
/data1/bida/pdb_db/1zjw.ent
/data1/bida/pdb_db/1zl3.ent
/data1/bida/pdb_db/1zn0.ent
/data1/bida/pdb_db/1zn1.ent
/data1/bida/pdb_db/1zo1.ent
/data1/bida/pdb_db/1zo3.ent
/data1/bida/pdb_db/1zse.ent
/data1/bida/pdb_db/1zx7.ent
/data1/bida/pdb_db/1zz5.ent
/data1/bida/pdb_db/1zzn.ent
/data1/bida/pdb_db/205d.ent
/data1/bida/pdb_db/219d.ent
/data1/bida/pdb_db/255d.ent
/data1/bida/pdb_db/259d.ent
/data1/bida/pdb_db/280d.ent
/data1/bida/pdb_db/283d.ent
/data1/bida/pdb_db/28sp.ent
Reading Model
/data1/bida/pdb_db/28sr.ent
/data1/bida/pdb_db/299d.ent
/data1/bida/pdb_db/2a04.ent
/data1/bida/pdb_db/2a0p.ent
/data1/bida/pdb_db/2a1r.ent
/data1/bida/pdb_db/2a2e.ent
/data1/bida/pdb_db/2a43.ent
/data1/bida/pdb_db/2a64.ent
/data1/bida/pdb_db/2a8v.ent
/data1/bida/pdb_db/2a9l.ent
/data1/bida/pdb_db/2a9x.ent
Reading Model
/data1/bida/pdb_db/2aar.ent
/data1/bida/pdb_db/2ab4.ent
/data1/bida/pdb_db/2ad9.ent
Reading Model
/data1/bida/pdb_db/2adb.ent
Reading Model
/data1/bida/pdb_db/2adc.ent
Reading Model
/data1/bida/pdb_db/2adt.ent
Reading Model
/data1/bida/pdb_db/2agn.ent
/data1/bida/pdb_db/2aht.ent
Reading Model
/data1/bida/pdb_db/2ake.ent
/data1/bida/pdb_db/2ann.ent
/data1/bida/pdb_db/2anr.ent
/data1/bida/pdb_db/2ao5.ent
/data1/bida/pdb_db/2ap0.ent
Reading Model
/data1/bida/pdb_db/2ap5.ent
/data1/bida/pdb_db/2asb.ent
/data1/bida/pdb_db/2atw.ent
/data1/bida/pdb_db/2au4.ent
/data1/bida/pdb_db/2avy.ent
/data1/bida/pdb_db/2aw4.ent
/data1/bida/pdb_db/2aw7.ent
/data1/bida/pdb_db/2awb.ent
/data1/bida/pdb_db/2awe.ent
/data1/bida/pdb_db/2awq.ent
Reading Model
/data1/bida/pdb_db/2az0.ent
/data1/bida/pdb_db/2az2.ent
/data1/bida/pdb_db/2azx.ent
/data1/bida/pdb_db/2b2d.ent
/data1/bida/pdb_db/2b2e.ent
/data1/bida/pdb_db/2b2g.ent
/data1/bida/pdb_db/2b3j.ent
/data1/bida/pdb_db/2b57.ent
/data1/bida/pdb_db/2b63.ent
/data1/bida/pdb_db/2b64.ent
/data1/bida/pdb_db/2b66.ent
/data1/bida/pdb_db/2b6g.ent
/data1/bida/pdb_db/2b7g.ent
Reading Model
/data1/bida/pdb_db/2b8r.ent
/data1/bida/pdb_db/2b8s.ent
/data1/bida/pdb_db/2b9m.ent
/data1/bida/pdb_db/2b9n.ent
/data1/bida/pdb_db/2b9o.ent
/data1/bida/pdb_db/2b9p.ent
/data1/bida/pdb_db/2bbv.ent
/data1/bida/pdb_db/2bcy.ent
/data1/bida/pdb_db/2bcz.ent
/data1/bida/pdb_db/2be0.ent
/data1/bida/pdb_db/2bee.ent
/data1/bida/pdb_db/2bgg.ent
/data1/bida/pdb_db/2bh2.ent
/data1/bida/pdb_db/2bj2.ent
/data1/bida/pdb_db/2bj6.ent
/data1/bida/pdb_db/2bny.ent
/data1/bida/pdb_db/2bq5.ent
/data1/bida/pdb_db/2bs0.ent
/data1/bida/pdb_db/2bs1.ent
/data1/bida/pdb_db/2bte.ent
/data1/bida/pdb_db/2bu1.ent
/data1/bida/pdb_db/2bx2.ent
/data1/bida/pdb_db/2byt.ent
/data1/bida/pdb_db/2c06.ent
Reading Model
/data1/bida/pdb_db/2c0b.ent
/data1/bida/pdb_db/2c4q.ent
/data1/bida/pdb_db/2c4r.ent
/data1/bida/pdb_db/2c4y.ent
/data1/bida/pdb_db/2c4z.ent
/data1/bida/pdb_db/2c50.ent
/data1/bida/pdb_db/2c51.ent
/data1/bida/pdb_db/2cd1.ent
/data1/bida/pdb_db/2cd3.ent
/data1/bida/pdb_db/2cd5.ent
/data1/bida/pdb_db/2cd6.ent
/data1/bida/pdb_db/2cjk.ent
Reading Model
/data1/bida/pdb_db/2cky.ent
/data1/bida/pdb_db/2csx.ent
/data1/bida/pdb_db/2ct8.ent
/data1/bida/pdb_db/2cv0.ent
/data1/bida/pdb_db/2cv1.ent
/data1/bida/pdb_db/2cv2.ent
/data1/bida/pdb_db/2czj.ent
/data1/bida/pdb_db/2d17.ent
Reading Model
/data1/bida/pdb_db/2d18.ent
Reading Model
/data1/bida/pdb_db/2d19.ent
Reading Model
/data1/bida/pdb_db/2d1a.ent
/data1/bida/pdb_db/2d1b.ent
/data1/bida/pdb_db/2d2k.ent
/data1/bida/pdb_db/2d2l.ent
/data1/bida/pdb_db/2d3o.ent
/data1/bida/pdb_db/2d6f.ent
/data1/bida/pdb_db/2db3.ent
/data1/bida/pdb_db/2dd1.ent
Reading Model
/data1/bida/pdb_db/2dd2.ent
Reading Model
/data1/bida/pdb_db/2dd3.ent
Reading Model
/data1/bida/pdb_db/2der.ent
/data1/bida/pdb_db/2det.ent
/data1/bida/pdb_db/2deu.ent
/data1/bida/pdb_db/2dlc.ent
/data1/bida/pdb_db/2dqo.ent
/data1/bida/pdb_db/2dqp.ent
/data1/bida/pdb_db/2dqq.ent
/data1/bida/pdb_db/2dr2.ent
/data1/bida/pdb_db/2dr5.ent
/data1/bida/pdb_db/2dr7.ent
/data1/bida/pdb_db/2dr8.ent
/data1/bida/pdb_db/2dr9.ent
/data1/bida/pdb_db/2dra.ent
/data1/bida/pdb_db/2drb.ent
/data1/bida/pdb_db/2du3.ent
/data1/bida/pdb_db/2du4.ent
/data1/bida/pdb_db/2du5.ent
/data1/bida/pdb_db/2du6.ent
/data1/bida/pdb_db/2dvi.ent
/data1/bida/pdb_db/2dxi.ent
/data1/bida/pdb_db/2e2h.ent
/data1/bida/pdb_db/2e2i.ent
/data1/bida/pdb_db/2e2j.ent
/data1/bida/pdb_db/2e5l.ent
/data1/bida/pdb_db/2e9r.ent
/data1/bida/pdb_db/2e9t.ent
/data1/bida/pdb_db/2e9z.ent
/data1/bida/pdb_db/2ec0.ent
/data1/bida/pdb_db/2ees.ent
/data1/bida/pdb_db/2eet.ent
/data1/bida/pdb_db/2eeu.ent
/data1/bida/pdb_db/2eev.ent
/data1/bida/pdb_db/2eew.ent
/data1/bida/pdb_db/2err.ent
Reading Model
/data1/bida/pdb_db/2es5.ent
Reading Model
/data1/bida/pdb_db/2ese.ent
Reading Model
/data1/bida/pdb_db/2esi.ent
/data1/bida/pdb_db/2esj.ent
/data1/bida/pdb_db/2et3.ent
/data1/bida/pdb_db/2et4.ent
/data1/bida/pdb_db/2et5.ent
/data1/bida/pdb_db/2et8.ent
/data1/bida/pdb_db/2euy.ent
Reading Model
/data1/bida/pdb_db/2evy.ent
Reading Model
/data1/bida/pdb_db/2ez6.ent
/data1/bida/pdb_db/2f4s.ent
/data1/bida/pdb_db/2f4t.ent
/data1/bida/pdb_db/2f4u.ent
/data1/bida/pdb_db/2f4v.ent
/data1/bida/pdb_db/2f4x.ent
Reading Model
/data1/bida/pdb_db/2f87.ent
Reading Model
/data1/bida/pdb_db/2f88.ent
Reading Model
/data1/bida/pdb_db/2f8k.ent
/data1/bida/pdb_db/2f8s.ent
/data1/bida/pdb_db/2f8t.ent
/data1/bida/pdb_db/2fcx.ent
/data1/bida/pdb_db/2fcy.ent
/data1/bida/pdb_db/2fcz.ent
/data1/bida/pdb_db/2fd0.ent
/data1/bida/pdb_db/2fdt.ent
Reading Model
/data1/bida/pdb_db/2fey.ent
Reading Model
/data1/bida/pdb_db/2fgp.ent
/data1/bida/pdb_db/2fk6.ent
/data1/bida/pdb_db/2fmt.ent
/data1/bida/pdb_db/2fqn.ent
/data1/bida/pdb_db/2frl.ent
Reading Model
/data1/bida/pdb_db/2ftc.ent
/data1/bida/pdb_db/2fy1.ent
Reading Model
/data1/bida/pdb_db/2fz2.ent
/data1/bida/pdb_db/2g1g.ent
Reading Model
/data1/bida/pdb_db/2g1w.ent
Reading Model
/data1/bida/pdb_db/2g32.ent
Reading Model
/data1/bida/pdb_db/2g3s.ent
/data1/bida/pdb_db/2g4b.ent
/data1/bida/pdb_db/2g5k.ent
/data1/bida/pdb_db/2g5q.ent
/data1/bida/pdb_db/2g8f.ent
/data1/bida/pdb_db/2g8h.ent
/data1/bida/pdb_db/2g8i.ent
/data1/bida/pdb_db/2g8k.ent
/data1/bida/pdb_db/2g8u.ent
/data1/bida/pdb_db/2g8v.ent
/data1/bida/pdb_db/2g8w.ent
/data1/bida/pdb_db/2g91.ent
/data1/bida/pdb_db/2g92.ent
/data1/bida/pdb_db/2g9c.ent
/data1/bida/pdb_db/2gbh.ent
Reading Model
/data1/bida/pdb_db/2gcs.ent
/data1/bida/pdb_db/2gcv.ent
/data1/bida/pdb_db/2gdi.ent
/data1/bida/pdb_db/2gic.ent
/data1/bida/pdb_db/2gio.ent
Reading Model
/data1/bida/pdb_db/2gip.ent
Reading Model
/data1/bida/pdb_db/2gis.ent
/data1/bida/pdb_db/2gje.ent
/data1/bida/pdb_db/2gjw.ent
/data1/bida/pdb_db/2gm0.ent
Reading Model
/data1/bida/pdb_db/2go5.ent
/data1/bida/pdb_db/2goz.ent
/data1/bida/pdb_db/2gpm.ent
Reading Model
/data1/bida/pdb_db/2gq4.ent
Reading Model
/data1/bida/pdb_db/2gq5.ent
Reading Model
/data1/bida/pdb_db/2gq6.ent
Reading Model
/data1/bida/pdb_db/2gq7.ent
Reading Model
/data1/bida/pdb_db/2grb.ent
/data1/bida/pdb_db/2grw.ent
Reading Model
/data1/bida/pdb_db/2gtt.ent
/data1/bida/pdb_db/2gun.ent
/data1/bida/pdb_db/2gv3.ent
Reading Model
/data1/bida/pdb_db/2gv4.ent
Reading Model
/data1/bida/pdb_db/2gvo.ent
Reading Model
/data1/bida/pdb_db/2gxb.ent
/data1/bida/pdb_db/2gy9.ent
/data1/bida/pdb_db/2gya.ent
/data1/bida/pdb_db/2gyb.ent
/data1/bida/pdb_db/2gyc.ent
/data1/bida/pdb_db/2h0s.ent
/data1/bida/pdb_db/2h0w.ent
/data1/bida/pdb_db/2h0x.ent
/data1/bida/pdb_db/2h0z.ent
/data1/bida/pdb_db/2h1m.ent
/data1/bida/pdb_db/2h2x.ent
Reading Model
/data1/bida/pdb_db/2h49.ent
Reading Model
/data1/bida/pdb_db/2hem.ent
Reading Model
/data1/bida/pdb_db/2hgh.ent
Reading Model
/data1/bida/pdb_db/2hgi.ent
/data1/bida/pdb_db/2hgj.ent
/data1/bida/pdb_db/2hgp.ent
/data1/bida/pdb_db/2hgq.ent
/data1/bida/pdb_db/2hgr.ent
/data1/bida/pdb_db/2hgu.ent
/data1/bida/pdb_db/2hhh.ent
/data1/bida/pdb_db/2hns.ent
Reading Model
/data1/bida/pdb_db/2ho6.ent
/data1/bida/pdb_db/2ho7.ent
/data1/bida/pdb_db/2hoj.ent
/data1/bida/pdb_db/2hok.ent
/data1/bida/pdb_db/2hol.ent
/data1/bida/pdb_db/2hom.ent
/data1/bida/pdb_db/2hoo.ent
/data1/bida/pdb_db/2hop.ent
/data1/bida/pdb_db/2ht1.ent
/data1/bida/pdb_db/2hua.ent
Reading Model
/data1/bida/pdb_db/2hvy.ent
/data1/bida/pdb_db/2hw8.ent
/data1/bida/pdb_db/2hyi.ent
/data1/bida/pdb_db/2i2p.ent
/data1/bida/pdb_db/2i2t.ent
/data1/bida/pdb_db/2i2u.ent
/data1/bida/pdb_db/2i2v.ent
/data1/bida/pdb_db/2i2y.ent
Reading Model
/data1/bida/pdb_db/2i7e.ent
Reading Model
/data1/bida/pdb_db/2i7z.ent
Reading Model
/data1/bida/pdb_db/2i82.ent
/data1/bida/pdb_db/2i91.ent
/data1/bida/pdb_db/2ihx.ent
Reading Model
/data1/bida/pdb_db/2il9.ent
/data1/bida/pdb_db/2ipy.ent
/data1/bida/pdb_db/2irn.ent
Reading Model
/data1/bida/pdb_db/2iro.ent
Reading Model
/data1/bida/pdb_db/2ix1.ent
/data1/bida/pdb_db/2ixy.ent
Reading Model
/data1/bida/pdb_db/2ixz.ent
Reading Model
/data1/bida/pdb_db/2iy3.ent
/data1/bida/pdb_db/2iy5.ent
/data1/bida/pdb_db/2iz8.ent
/data1/bida/pdb_db/2iz9.ent
/data1/bida/pdb_db/2izm.ent
/data1/bida/pdb_db/2izn.ent
/data1/bida/pdb_db/2j00.ent
/data1/bida/pdb_db/2j01.ent
/data1/bida/pdb_db/2j02.ent
/data1/bida/pdb_db/2j03.ent
/data1/bida/pdb_db/2j0q.ent
/data1/bida/pdb_db/2j0s.ent
/data1/bida/pdb_db/2j28.ent
/data1/bida/pdb_db/2j37.ent
/data1/bida/pdb_db/2ja5.ent
/data1/bida/pdb_db/2ja6.ent
/data1/bida/pdb_db/2ja7.ent
/data1/bida/pdb_db/2ja8.ent
/data1/bida/pdb_db/2jea.ent
/data1/bida/pdb_db/2jlt.ent
/data1/bida/pdb_db/2jlu.ent
/data1/bida/pdb_db/2jlv.ent
/data1/bida/pdb_db/2jlw.ent
/data1/bida/pdb_db/2jlx.ent
/data1/bida/pdb_db/2jly.ent
/data1/bida/pdb_db/2jlz.ent
/data1/bida/pdb_db/2jpp.ent
Reading Model
/data1/bida/pdb_db/2jq7.ent
Reading Model
/data1/bida/pdb_db/2jr4.ent
Reading Model
/data1/bida/pdb_db/2jrg.ent
Reading Model
/data1/bida/pdb_db/2jrq.ent
Reading Model
/data1/bida/pdb_db/2jse.ent
Reading Model
/data1/bida/pdb_db/2jsg.ent
Reading Model
/data1/bida/pdb_db/2jtp.ent
Reading Model
/data1/bida/pdb_db/2juk.ent
Reading Model
/data1/bida/pdb_db/2jwv.ent
Reading Model
/data1/bida/pdb_db/2jxq.ent
Reading Model
/data1/bida/pdb_db/2jxs.ent
Reading Model
/data1/bida/pdb_db/2jxv.ent
Reading Model
/data1/bida/pdb_db/2jyf.ent
Reading Model
/data1/bida/pdb_db/2jyh.ent
Reading Model
/data1/bida/pdb_db/2jyj.ent
Reading Model
/data1/bida/pdb_db/2jym.ent
Reading Model
/data1/bida/pdb_db/2k3z.ent
Reading Model
/data1/bida/pdb_db/2k41.ent
Reading Model
/data1/bida/pdb_db/2k4c.ent
/data1/bida/pdb_db/2k5z.ent
Reading Model
/data1/bida/pdb_db/2k63.ent
Reading Model
/data1/bida/pdb_db/2k64.ent
Reading Model
/data1/bida/pdb_db/2k65.ent
Reading Model
/data1/bida/pdb_db/2k66.ent
Reading Model
/data1/bida/pdb_db/2k7e.ent
Reading Model
/data1/bida/pdb_db/2k95.ent
Reading Model
/data1/bida/pdb_db/2k96.ent
Reading Model
/data1/bida/pdb_db/2kbp.ent
Reading Model
/data1/bida/pdb_db/2kd4.ent
/data1/bida/pdb_db/2kd8.ent
Reading Model
/data1/bida/pdb_db/2kdq.ent
Reading Model
/data1/bida/pdb_db/2ke6.ent
Reading Model
/data1/bida/pdb_db/2kez.ent
Reading Model
/data1/bida/pdb_db/2kf0.ent
Reading Model
/data1/bida/pdb_db/2kfc.ent
Reading Model
/data1/bida/pdb_db/2kgp.ent
Reading Model
/data1/bida/pdb_db/2khy.ent
Reading Model
/data1/bida/pdb_db/2kmj.ent
Reading Model
/data1/bida/pdb_db/2koc.ent
Reading Model
/data1/bida/pdb_db/2kp3.ent
Reading Model
/data1/bida/pdb_db/2kp4.ent
Reading Model
/data1/bida/pdb_db/2ldz.ent
/data1/bida/pdb_db/2nok.ent
/data1/bida/pdb_db/2noq.ent
/data1/bida/pdb_db/2npy.ent
/data1/bida/pdb_db/2npz.ent
/data1/bida/pdb_db/2nqp.ent
/data1/bida/pdb_db/2nr0.ent
/data1/bida/pdb_db/2nre.ent
/data1/bida/pdb_db/2nue.ent
/data1/bida/pdb_db/2nuf.ent
/data1/bida/pdb_db/2nug.ent
/data1/bida/pdb_db/2nvq.ent
/data1/bida/pdb_db/2nvt.ent
/data1/bida/pdb_db/2nvx.ent
/data1/bida/pdb_db/2nvz.ent
/data1/bida/pdb_db/2nz4.ent
/data1/bida/pdb_db/2o32.ent
Reading Model
/data1/bida/pdb_db/2o33.ent
Reading Model
/data1/bida/pdb_db/2o3v.ent
/data1/bida/pdb_db/2o3w.ent
/data1/bida/pdb_db/2o3x.ent
/data1/bida/pdb_db/2o3y.ent
/data1/bida/pdb_db/2o43.ent
/data1/bida/pdb_db/2o44.ent
/data1/bida/pdb_db/2o45.ent
/data1/bida/pdb_db/2o5i.ent
/data1/bida/pdb_db/2o5j.ent
/data1/bida/pdb_db/2o81.ent
Reading Model
/data1/bida/pdb_db/2o83.ent
Reading Model
/data1/bida/pdb_db/2ob7.ent
/data1/bida/pdb_db/2oe5.ent
/data1/bida/pdb_db/2oe6.ent
/data1/bida/pdb_db/2oe8.ent
/data1/bida/pdb_db/2oeu.ent
/data1/bida/pdb_db/2ogm.ent
/data1/bida/pdb_db/2ogn.ent
/data1/bida/pdb_db/2ogo.ent
/data1/bida/pdb_db/2oih.ent
/data1/bida/pdb_db/2oij.ent
/data1/bida/pdb_db/2oiu.ent
/data1/bida/pdb_db/2oiy.ent
/data1/bida/pdb_db/2oj0.ent
/data1/bida/pdb_db/2oj3.ent
/data1/bida/pdb_db/2oj7.ent
Reading Model
/data1/bida/pdb_db/2oj8.ent
Reading Model
/data1/bida/pdb_db/2om3.ent
Reading Model
/data1/bida/pdb_db/2om7.ent
/data1/bida/pdb_db/2oom.ent
Reading Model
/data1/bida/pdb_db/2otj.ent
/data1/bida/pdb_db/2otl.ent
/data1/bida/pdb_db/2oue.ent
/data1/bida/pdb_db/2ow8.ent
/data1/bida/pdb_db/2ozb.ent
/data1/bida/pdb_db/2p7d.ent
/data1/bida/pdb_db/2p7e.ent
/data1/bida/pdb_db/2p7f.ent
/data1/bida/pdb_db/2p89.ent
Reading Model
/data1/bida/pdb_db/2pcv.ent
Reading Model
/data1/bida/pdb_db/2pcw.ent
Reading Model
/data1/bida/pdb_db/2pjp.ent
/data1/bida/pdb_db/2ply.ent
/data1/bida/pdb_db/2pn3.ent
/data1/bida/pdb_db/2pn4.ent
/data1/bida/pdb_db/2pn9.ent
Reading Model
/data1/bida/pdb_db/2po1.ent
/data1/bida/pdb_db/2ppb.ent
/data1/bida/pdb_db/2pwt.ent
/data1/bida/pdb_db/2pxb.ent
/data1/bida/pdb_db/2pxd.ent
/data1/bida/pdb_db/2pxe.ent
/data1/bida/pdb_db/2pxf.ent
/data1/bida/pdb_db/2pxk.ent
/data1/bida/pdb_db/2pxl.ent
/data1/bida/pdb_db/2pxp.ent
/data1/bida/pdb_db/2pxq.ent
/data1/bida/pdb_db/2pxt.ent
/data1/bida/pdb_db/2pxu.ent
/data1/bida/pdb_db/2pxv.ent
/data1/bida/pdb_db/2py9.ent
/data1/bida/pdb_db/2q1o.ent
/data1/bida/pdb_db/2q1r.ent
/data1/bida/pdb_db/2q23.ent
/data1/bida/pdb_db/2q25.ent
/data1/bida/pdb_db/2q26.ent
/data1/bida/pdb_db/2q66.ent
/data1/bida/pdb_db/2qa4.ent
/data1/bida/pdb_db/2qal.ent
/data1/bida/pdb_db/2qam.ent
/data1/bida/pdb_db/2qan.ent
/data1/bida/pdb_db/2qao.ent
/data1/bida/pdb_db/2qb9.ent
/data1/bida/pdb_db/2qba.ent
/data1/bida/pdb_db/2qbb.ent
/data1/bida/pdb_db/2qbc.ent
/data1/bida/pdb_db/2qbd.ent
/data1/bida/pdb_db/2qbe.ent
/data1/bida/pdb_db/2qbf.ent
/data1/bida/pdb_db/2qbg.ent
/data1/bida/pdb_db/2qbh.ent
/data1/bida/pdb_db/2qbi.ent
/data1/bida/pdb_db/2qbj.ent
/data1/bida/pdb_db/2qbk.ent
/data1/bida/pdb_db/2qbz.ent
/data1/bida/pdb_db/2qek.ent
/data1/bida/pdb_db/2qex.ent
/data1/bida/pdb_db/2qh2.ent
Reading Model
/data1/bida/pdb_db/2qh3.ent
Reading Model
/data1/bida/pdb_db/2qh4.ent
Reading Model
/data1/bida/pdb_db/2qk9.ent
/data1/bida/pdb_db/2qkb.ent
/data1/bida/pdb_db/2qkk.ent
/data1/bida/pdb_db/2qnh.ent
/data1/bida/pdb_db/2qou.ent
/data1/bida/pdb_db/2qov.ent
/data1/bida/pdb_db/2qow.ent
/data1/bida/pdb_db/2qox.ent
/data1/bida/pdb_db/2qoy.ent
/data1/bida/pdb_db/2qoz.ent
/data1/bida/pdb_db/2qp0.ent
/data1/bida/pdb_db/2qp1.ent
/data1/bida/pdb_db/2qqp.ent
/data1/bida/pdb_db/2qus.ent
/data1/bida/pdb_db/2quw.ent
/data1/bida/pdb_db/2qux.ent
/data1/bida/pdb_db/2qwy.ent
/data1/bida/pdb_db/2r1g.ent
/data1/bida/pdb_db/2r1s.ent
/data1/bida/pdb_db/2r20.ent
/data1/bida/pdb_db/2r21.ent
/data1/bida/pdb_db/2r22.ent
/data1/bida/pdb_db/2r7r.ent
/data1/bida/pdb_db/2r7s.ent
/data1/bida/pdb_db/2r7t.ent
/data1/bida/pdb_db/2r7u.ent
/data1/bida/pdb_db/2r7v.ent
/data1/bida/pdb_db/2r7w.ent
/data1/bida/pdb_db/2r7x.ent
/data1/bida/pdb_db/2r7y.ent
/data1/bida/pdb_db/2r7z.ent
/data1/bida/pdb_db/2r8s.ent
/data1/bida/pdb_db/2r92.ent
/data1/bida/pdb_db/2r93.ent
/data1/bida/pdb_db/2rd2.ent
/data1/bida/pdb_db/2rdo.ent
/data1/bida/pdb_db/2re8.ent
/data1/bida/pdb_db/2rfk.ent
/data1/bida/pdb_db/2rkj.ent
/data1/bida/pdb_db/2rlu.ent
Reading Model
/data1/bida/pdb_db/2rn1.ent
Reading Model
/data1/bida/pdb_db/2ro2.ent
/data1/bida/pdb_db/2rp0.ent
Reading Model
/data1/bida/pdb_db/2rp1.ent
/data1/bida/pdb_db/2rpk.ent
/data1/bida/pdb_db/2rpt.ent
Reading Model
/data1/bida/pdb_db/2rqc.ent
Reading Model
/data1/bida/pdb_db/2rqj.ent
Reading Model
/data1/bida/pdb_db/2tmv.ent
/data1/bida/pdb_db/2tob.ent
Reading Model
/data1/bida/pdb_db/2tpk.ent
/data1/bida/pdb_db/2tra.ent
/data1/bida/pdb_db/2u2a.ent
/data1/bida/pdb_db/2uu9.ent
/data1/bida/pdb_db/2uua.ent
/data1/bida/pdb_db/2uub.ent
/data1/bida/pdb_db/2uuc.ent
/data1/bida/pdb_db/2uwm.ent
/data1/bida/pdb_db/2uxb.ent
/data1/bida/pdb_db/2uxc.ent
/data1/bida/pdb_db/2uxd.ent
/data1/bida/pdb_db/2v0g.ent
/data1/bida/pdb_db/2v3c.ent
/data1/bida/pdb_db/2v46.ent
/data1/bida/pdb_db/2v47.ent
/data1/bida/pdb_db/2v48.ent
/data1/bida/pdb_db/2v49.ent
/data1/bida/pdb_db/2v6w.ent
/data1/bida/pdb_db/2v7r.ent
/data1/bida/pdb_db/2val.ent
/data1/bida/pdb_db/2vaz.ent
/data1/bida/pdb_db/2vhm.ent
/data1/bida/pdb_db/2vhn.ent
/data1/bida/pdb_db/2vho.ent
/data1/bida/pdb_db/2vhp.ent
/data1/bida/pdb_db/2vnu.ent
/data1/bida/pdb_db/2vod.ent
/data1/bida/pdb_db/2von.ent
/data1/bida/pdb_db/2voo.ent
/data1/bida/pdb_db/2vop.ent
/data1/bida/pdb_db/2vpl.ent
/data1/bida/pdb_db/2vqe.ent
/data1/bida/pdb_db/2vqf.ent
/data1/bida/pdb_db/2vrt.ent
/data1/bida/pdb_db/2vum.ent
/data1/bida/pdb_db/2vuq.ent
/data1/bida/pdb_db/2w2h.ent
/data1/bida/pdb_db/2w89.ent
/data1/bida/pdb_db/2wdg.ent
/data1/bida/pdb_db/2wdh.ent
/data1/bida/pdb_db/2wdi.ent
/data1/bida/pdb_db/2wdj.ent
/data1/bida/pdb_db/2wdk.ent
/data1/bida/pdb_db/2wdl.ent
/data1/bida/pdb_db/2wdm.ent
/data1/bida/pdb_db/2wdn.ent
/data1/bida/pdb_db/2wh1.ent
/data1/bida/pdb_db/2wh2.ent
/data1/bida/pdb_db/2wh3.ent
/data1/bida/pdb_db/2wh4.ent
/data1/bida/pdb_db/2wj8.ent
/data1/bida/pdb_db/2wri.ent
/data1/bida/pdb_db/2wrj.ent
/data1/bida/pdb_db/2wrk.ent
/data1/bida/pdb_db/2wrl.ent
/data1/bida/pdb_db/2wrn.ent
/data1/bida/pdb_db/2wro.ent
/data1/bida/pdb_db/2wrq.ent
/data1/bida/pdb_db/2wrr.ent
/data1/bida/pdb_db/2ww9.ent
/data1/bida/pdb_db/2wwa.ent
/data1/bida/pdb_db/2wwb.ent
/data1/bida/pdb_db/2wyy.ent
/data1/bida/pdb_db/2x1a.ent
/data1/bida/pdb_db/2x1f.ent
/data1/bida/pdb_db/2yu9.ent
/data1/bida/pdb_db/2z2q.ent
/data1/bida/pdb_db/2z4k.ent
/data1/bida/pdb_db/2z4l.ent
/data1/bida/pdb_db/2z4m.ent
/data1/bida/pdb_db/2z4n.ent
/data1/bida/pdb_db/2z74.ent
/data1/bida/pdb_db/2z75.ent
/data1/bida/pdb_db/2z9q.ent
/data1/bida/pdb_db/2zh1.ent
/data1/bida/pdb_db/2zh2.ent
/data1/bida/pdb_db/2zh3.ent
/data1/bida/pdb_db/2zh4.ent
/data1/bida/pdb_db/2zh5.ent
/data1/bida/pdb_db/2zh6.ent
/data1/bida/pdb_db/2zh7.ent
/data1/bida/pdb_db/2zh8.ent
/data1/bida/pdb_db/2zh9.ent
/data1/bida/pdb_db/2zha.ent
/data1/bida/pdb_db/2zhb.ent
/data1/bida/pdb_db/2zi0.ent
/data1/bida/pdb_db/2zjp.ent
/data1/bida/pdb_db/2zjq.ent
/data1/bida/pdb_db/2zjr.ent
/data1/bida/pdb_db/2zko.ent
/data1/bida/pdb_db/2zkq.ent
/data1/bida/pdb_db/2zkr.ent
/data1/bida/pdb_db/2zm5.ent
/data1/bida/pdb_db/2zm6.ent
/data1/bida/pdb_db/2zni.ent
/data1/bida/pdb_db/2zue.ent
/data1/bida/pdb_db/2zuf.ent
/data1/bida/pdb_db/2zxu.ent
/data1/bida/pdb_db/2zy6.ent
/data1/bida/pdb_db/2zzm.ent
/data1/bida/pdb_db/2zzn.ent
/data1/bida/pdb_db/300d.ent
/data1/bida/pdb_db/301d.ent
/data1/bida/pdb_db/310d.ent
/data1/bida/pdb_db/333d.ent
/data1/bida/pdb_db/353d.ent
/data1/bida/pdb_db/354d.ent
/data1/bida/pdb_db/357d.ent
/data1/bida/pdb_db/359d.ent
/data1/bida/pdb_db/361d.ent
/data1/bida/pdb_db/364d.ent
/data1/bida/pdb_db/377d.ent
/data1/bida/pdb_db/379d.ent
/data1/bida/pdb_db/387d.ent
/data1/bida/pdb_db/397d.ent
/data1/bida/pdb_db/398d.ent
/data1/bida/pdb_db/3a2k.ent
/data1/bida/pdb_db/3a3a.ent
/data1/bida/pdb_db/3a6p.ent
/data1/bida/pdb_db/3b31.ent
/data1/bida/pdb_db/3b4a.ent
/data1/bida/pdb_db/3b4b.ent
/data1/bida/pdb_db/3b4c.ent
/data1/bida/pdb_db/3b58.ent
/data1/bida/pdb_db/3b5a.ent
/data1/bida/pdb_db/3b5f.ent
/data1/bida/pdb_db/3b5s.ent
/data1/bida/pdb_db/3b91.ent
/data1/bida/pdb_db/3bbi.ent
/data1/bida/pdb_db/3bbk.ent
/data1/bida/pdb_db/3bbm.ent
/data1/bida/pdb_db/3bbn.ent
/data1/bida/pdb_db/3bbo.ent
/data1/bida/pdb_db/3bbv.ent
/data1/bida/pdb_db/3bbx.ent
/data1/bida/pdb_db/3bnl.ent
/data1/bida/pdb_db/3bnn.ent
/data1/bida/pdb_db/3bno.ent
/data1/bida/pdb_db/3bnp.ent
/data1/bida/pdb_db/3bnq.ent
/data1/bida/pdb_db/3bnr.ent
/data1/bida/pdb_db/3bns.ent
/data1/bida/pdb_db/3bnt.ent
/data1/bida/pdb_db/3bo0.ent
/data1/bida/pdb_db/3bo1.ent
/data1/bida/pdb_db/3bo2.ent
/data1/bida/pdb_db/3bo3.ent
/data1/bida/pdb_db/3bo4.ent
/data1/bida/pdb_db/3boy.ent
/data1/bida/pdb_db/3bsb.ent
/data1/bida/pdb_db/3bsn.ent
/data1/bida/pdb_db/3bso.ent
/data1/bida/pdb_db/3bsu.ent
/data1/bida/pdb_db/3bsx.ent
/data1/bida/pdb_db/3bt7.ent
/data1/bida/pdb_db/3bwp.ent
/data1/bida/pdb_db/3bx2.ent
/data1/bida/pdb_db/3bx3.ent
/data1/bida/pdb_db/3c44.ent
/data1/bida/pdb_db/3cc2.ent
/data1/bida/pdb_db/3cc4.ent
/data1/bida/pdb_db/3cc7.ent
/data1/bida/pdb_db/3cce.ent
/data1/bida/pdb_db/3ccj.ent
/data1/bida/pdb_db/3ccl.ent
/data1/bida/pdb_db/3ccm.ent
/data1/bida/pdb_db/3ccq.ent
/data1/bida/pdb_db/3ccr.ent
/data1/bida/pdb_db/3ccs.ent
/data1/bida/pdb_db/3ccu.ent
/data1/bida/pdb_db/3ccv.ent
/data1/bida/pdb_db/3cd6.ent
/data1/bida/pdb_db/3cf5.ent
/data1/bida/pdb_db/3cgp.ent
/data1/bida/pdb_db/3cgq.ent
/data1/bida/pdb_db/3cgr.ent
/data1/bida/pdb_db/3cgs.ent
/data1/bida/pdb_db/3ciy.ent
/data1/bida/pdb_db/3cjz.ent
/data1/bida/pdb_db/3cma.ent
/data1/bida/pdb_db/3cme.ent
/data1/bida/pdb_db/3cpw.ent
/data1/bida/pdb_db/3cqs.ent
/data1/bida/pdb_db/3cr1.ent
/data1/bida/pdb_db/3cul.ent
/data1/bida/pdb_db/3cun.ent
/data1/bida/pdb_db/3cw1.ent
/data1/bida/pdb_db/3cw5.ent
/data1/bida/pdb_db/3cw6.ent
/data1/bida/pdb_db/3cxc.ent
/data1/bida/pdb_db/3cz3.ent
/data1/bida/pdb_db/3czw.ent
/data1/bida/pdb_db/3d0m.ent
/data1/bida/pdb_db/3d0u.ent
/data1/bida/pdb_db/3d0x.ent
/data1/bida/pdb_db/3d2g.ent
/data1/bida/pdb_db/3d2s.ent
/data1/bida/pdb_db/3d2v.ent
/data1/bida/pdb_db/3d2x.ent
/data1/bida/pdb_db/3d5a.ent
/data1/bida/pdb_db/3d5b.ent
/data1/bida/pdb_db/3d5c.ent
/data1/bida/pdb_db/3d5d.ent
/data1/bida/pdb_db/3dd2.ent
/data1/bida/pdb_db/3deg.ent
/data1/bida/pdb_db/3df1.ent
/data1/bida/pdb_db/3df2.ent
/data1/bida/pdb_db/3df3.ent
/data1/bida/pdb_db/3df4.ent
/data1/bida/pdb_db/3dg0.ent
/data1/bida/pdb_db/3dg2.ent
/data1/bida/pdb_db/3dg4.ent
/data1/bida/pdb_db/3dg5.ent
/data1/bida/pdb_db/3dh3.ent
/data1/bida/pdb_db/3dhs.ent
/data1/bida/pdb_db/3dig.ent
/data1/bida/pdb_db/3dil.ent
/data1/bida/pdb_db/3dim.ent
/data1/bida/pdb_db/3dio.ent
/data1/bida/pdb_db/3diq.ent
/data1/bida/pdb_db/3dir.ent
/data1/bida/pdb_db/3dis.ent
/data1/bida/pdb_db/3dix.ent
/data1/bida/pdb_db/3diy.ent
/data1/bida/pdb_db/3diz.ent
/data1/bida/pdb_db/3dj0.ent
/data1/bida/pdb_db/3dj2.ent
/data1/bida/pdb_db/3dkn.ent
/data1/bida/pdb_db/3dll.ent
/data1/bida/pdb_db/3ds7.ent
/data1/bida/pdb_db/3dvv.ent
/data1/bida/pdb_db/3dvz.ent
/data1/bida/pdb_db/3dw4.ent
/data1/bida/pdb_db/3dw5.ent
/data1/bida/pdb_db/3dw6.ent
/data1/bida/pdb_db/3dw7.ent
/data1/bida/pdb_db/3e1a.ent
/data1/bida/pdb_db/3e1b.ent
/data1/bida/pdb_db/3e1c.ent
/data1/bida/pdb_db/3e1d.ent
/data1/bida/pdb_db/3e2e.ent
/data1/bida/pdb_db/3e3j.ent
/data1/bida/pdb_db/3e5c.ent
/data1/bida/pdb_db/3e5e.ent
/data1/bida/pdb_db/3e5f.ent
/data1/bida/pdb_db/3egz.ent
/data1/bida/pdb_db/3eog.ent
/data1/bida/pdb_db/3eoh.ent
/data1/bida/pdb_db/3ep2.ent
/data1/bida/pdb_db/3eph.ent
/data1/bida/pdb_db/3epj.ent
/data1/bida/pdb_db/3epk.ent
/data1/bida/pdb_db/3epl.ent
/data1/bida/pdb_db/3eq3.ent
/data1/bida/pdb_db/3eq4.ent
/data1/bida/pdb_db/3eqt.ent
/data1/bida/pdb_db/3er9.ent
/data1/bida/pdb_db/3erc.ent
/data1/bida/pdb_db/3ex7.ent
/data1/bida/pdb_db/3f1e.ent
/data1/bida/pdb_db/3f1f.ent
/data1/bida/pdb_db/3f1g.ent
/data1/bida/pdb_db/3f1h.ent
/data1/bida/pdb_db/3f2q.ent
/data1/bida/pdb_db/3f2t.ent
/data1/bida/pdb_db/3f2w.ent
/data1/bida/pdb_db/3f2x.ent
/data1/bida/pdb_db/3f2y.ent
/data1/bida/pdb_db/3f30.ent
/data1/bida/pdb_db/3f4e.ent
/data1/bida/pdb_db/3f4g.ent
/data1/bida/pdb_db/3f4h.ent
/data1/bida/pdb_db/3f73.ent
/data1/bida/pdb_db/3far.ent
/data1/bida/pdb_db/3fht.ent
/data1/bida/pdb_db/3fic.ent
/data1/bida/pdb_db/3fih.ent
/data1/bida/pdb_db/3fik.ent
/data1/bida/pdb_db/3fin.ent
/data1/bida/pdb_db/3fo4.ent
/data1/bida/pdb_db/3fo6.ent
/data1/bida/pdb_db/3foz.ent
/data1/bida/pdb_db/3fs0.ent
/data1/bida/pdb_db/3fte.ent
/data1/bida/pdb_db/3ftf.ent
/data1/bida/pdb_db/3ftm.ent
/data1/bida/pdb_db/3fu2.ent
/data1/bida/pdb_db/3fwo.ent
/data1/bida/pdb_db/3g0h.ent
/data1/bida/pdb_db/3g4m.ent
/data1/bida/pdb_db/3g4s.ent
/data1/bida/pdb_db/3g6e.ent
/data1/bida/pdb_db/3g71.ent
/data1/bida/pdb_db/3g78.ent
/data1/bida/pdb_db/3g8s.ent
/data1/bida/pdb_db/3g8t.ent
/data1/bida/pdb_db/3g96.ent
/data1/bida/pdb_db/3g9c.ent
/data1/bida/pdb_db/3g9y.ent
/data1/bida/pdb_db/3gao.ent
/data1/bida/pdb_db/3gca.ent
/data1/bida/pdb_db/3ger.ent
/data1/bida/pdb_db/3ges.ent
/data1/bida/pdb_db/3gib.ent
/data1/bida/pdb_db/3glp.ent
/data1/bida/pdb_db/3gm7.ent
/data1/bida/pdb_db/3gog.ent
/data1/bida/pdb_db/3got.ent
/data1/bida/pdb_db/3gpq.ent
/data1/bida/pdb_db/3gs1.ent
/data1/bida/pdb_db/3gs5.ent
/data1/bida/pdb_db/3gs8.ent
/data1/bida/pdb_db/3gtg.ent
/data1/bida/pdb_db/3gtj.ent
/data1/bida/pdb_db/3gtl.ent
/data1/bida/pdb_db/3gtm.ent
/data1/bida/pdb_db/3gto.ent
/data1/bida/pdb_db/3gtp.ent
/data1/bida/pdb_db/3gtq.ent
/data1/bida/pdb_db/3gvn.ent
/data1/bida/pdb_db/3gx2.ent
/data1/bida/pdb_db/3gx3.ent
/data1/bida/pdb_db/3gx5.ent
/data1/bida/pdb_db/3gx6.ent
/data1/bida/pdb_db/3gx7.ent
/data1/bida/pdb_db/3h3v.ent
/data1/bida/pdb_db/3h5x.ent
/data1/bida/pdb_db/3h5y.ent
/data1/bida/pdb_db/3hax.ent
/data1/bida/pdb_db/3hay.ent
/data1/bida/pdb_db/3hga.ent
/data1/bida/pdb_db/3hhn.ent
/data1/bida/pdb_db/3hhz.ent
/data1/bida/pdb_db/3hjf.ent
/data1/bida/pdb_db/3hjw.ent
/data1/bida/pdb_db/3hjy.ent
/data1/bida/pdb_db/3hk2.ent
/data1/bida/pdb_db/3hl2.ent
/data1/bida/pdb_db/3hm9.ent
/data1/bida/pdb_db/3ho1.ent
/data1/bida/pdb_db/3hou.ent
/data1/bida/pdb_db/3hov.ent
/data1/bida/pdb_db/3how.ent
/data1/bida/pdb_db/3hox.ent
/data1/bida/pdb_db/3hoy.ent
/data1/bida/pdb_db/3hoz.ent
/data1/bida/pdb_db/3htx.ent
/data1/bida/pdb_db/3huw.ent
/data1/bida/pdb_db/3hux.ent
/data1/bida/pdb_db/3huy.ent
/data1/bida/pdb_db/3huz.ent
/data1/bida/pdb_db/3hvr.ent
/data1/bida/pdb_db/3hxm.ent
/data1/bida/pdb_db/3i1m.ent
/data1/bida/pdb_db/3i1n.ent
/data1/bida/pdb_db/3i1o.ent
/data1/bida/pdb_db/3i1p.ent
/data1/bida/pdb_db/3i1q.ent
/data1/bida/pdb_db/3i1r.ent
/data1/bida/pdb_db/3i1s.ent
/data1/bida/pdb_db/3i1t.ent
/data1/bida/pdb_db/3i1z.ent
/data1/bida/pdb_db/3i20.ent
/data1/bida/pdb_db/3i21.ent
/data1/bida/pdb_db/3i22.ent
/data1/bida/pdb_db/3i2q.ent
/data1/bida/pdb_db/3i2r.ent
/data1/bida/pdb_db/3i2s.ent
/data1/bida/pdb_db/3i2u.ent
/data1/bida/pdb_db/3i4m.ent
/data1/bida/pdb_db/3i4n.ent
/data1/bida/pdb_db/3i5x.ent
/data1/bida/pdb_db/3i5y.ent
/data1/bida/pdb_db/3i61.ent
/data1/bida/pdb_db/3i62.ent
/data1/bida/pdb_db/3iab.ent
/data1/bida/pdb_db/3ice.ent
/data1/bida/pdb_db/3icq.ent
/data1/bida/pdb_db/3id5.ent
/data1/bida/pdb_db/3ie1.ent
/data1/bida/pdb_db/3iev.ent
/data1/bida/pdb_db/3igi.ent
/data1/bida/pdb_db/3irw.ent
/data1/bida/pdb_db/3ivn.ent
/data1/bida/pdb_db/3iwn.ent
/data1/bida/pdb_db/3iy8.ent
/data1/bida/pdb_db/3iy9.ent
/data1/bida/pdb_db/3jxq.ent
/data1/bida/pdb_db/3jxr.ent
/data1/bida/pdb_db/3jyv.ent
/data1/bida/pdb_db/3jyx.ent
/data1/bida/pdb_db/3k0j.ent
/data1/bida/pdb_db/3k1v.ent
/data1/bida/pdb_db/3k49.ent
/data1/bida/pdb_db/3k4e.ent
/data1/bida/pdb_db/3k5q.ent
/data1/bida/pdb_db/3k5y.ent
/data1/bida/pdb_db/3k5z.ent
/data1/bida/pdb_db/3k61.ent
/data1/bida/pdb_db/3k62.ent
/data1/bida/pdb_db/3k64.ent
/data1/bida/pdb_db/3kiq.ent
/data1/bida/pdb_db/3kir.ent
/data1/bida/pdb_db/3kis.ent
/data1/bida/pdb_db/3kit.ent
/data1/bida/pdb_db/3kiu.ent
/data1/bida/pdb_db/3kiw.ent
/data1/bida/pdb_db/3kix.ent
/data1/bida/pdb_db/3kiy.ent
/data1/bida/pdb_db/3knh.ent
/data1/bida/pdb_db/3kni.ent
/data1/bida/pdb_db/3knj.ent
/data1/bida/pdb_db/3knk.ent
/data1/bida/pdb_db/3knl.ent
/data1/bida/pdb_db/3knm.ent
/data1/bida/pdb_db/3knn.ent
/data1/bida/pdb_db/3kno.ent
/data1/bida/pdb_db/3ks8.ent
/data1/bida/pdb_db/3ktv.ent
/data1/bida/pdb_db/3ktw.ent
/data1/bida/pdb_db/3l25.ent
/data1/bida/pdb_db/3l26.ent
/data1/bida/pdb_db/3l3c.ent
/data1/bida/pdb_db/3la5.ent
/data1/bida/pdb_db/3php.ent
Reading Model
/data1/bida/pdb_db/3tra.ent
/data1/bida/pdb_db/402d.ent
/data1/bida/pdb_db/404d.ent
/data1/bida/pdb_db/405d.ent
/data1/bida/pdb_db/406d.ent
Reading Model
/data1/bida/pdb_db/409d.ent
/data1/bida/pdb_db/413d.ent
/data1/bida/pdb_db/420d.ent
/data1/bida/pdb_db/421d.ent
/data1/bida/pdb_db/422d.ent
/data1/bida/pdb_db/429d.ent
/data1/bida/pdb_db/430d.ent
/data1/bida/pdb_db/433d.ent
/data1/bida/pdb_db/434d.ent
/data1/bida/pdb_db/435d.ent
/data1/bida/pdb_db/437d.ent
/data1/bida/pdb_db/438d.ent
/data1/bida/pdb_db/439d.ent
/data1/bida/pdb_db/462d.ent
/data1/bida/pdb_db/464d.ent
/data1/bida/pdb_db/466d.ent
/data1/bida/pdb_db/468d.ent
/data1/bida/pdb_db/469d.ent
/data1/bida/pdb_db/470d.ent
/data1/bida/pdb_db/471d.ent
/data1/bida/pdb_db/472d.ent
/data1/bida/pdb_db/479d.ent
/data1/bida/pdb_db/480d.ent
/data1/bida/pdb_db/483d.ent
/data1/bida/pdb_db/484d.ent
Reading Model
/data1/bida/pdb_db/486d.ent
/data1/bida/pdb_db/488d.ent
/data1/bida/pdb_db/4tna.ent
/data1/bida/pdb_db/4tra.ent
/data1/bida/pdb_db/5msf.ent
/data1/bida/pdb_db/6msf.ent
/data1/bida/pdb_db/6tna.ent
/data1/bida/pdb_db/7msf.ent
/data1/bida/pdb_db/8drh.ent
/data1/bida/pdb_db/8psh.ent
